[0.518s] Invoking command in '/root/StratoMiners/src/sensor_fusion': PYTHONPATH=/root/StratoMiners/install/sensor_fusion/lib/python3.10/site-packages:${PYTHONPATH} /usr/bin/python3 setup.py egg_info --egg-base ../../build/sensor_fusion build --build-base /root/StratoMiners/build/sensor_fusion/build install --prefix /root/StratoMiners/install/sensor_fusion --record /root/StratoMiners/build/sensor_fusion/install.log --single-version-externally-managed
[0.723s] running egg_info
[0.724s] writing ../../build/sensor_fusion/sensor_fusion.egg-info/PKG-INFO
[0.724s] writing dependency_links to ../../build/sensor_fusion/sensor_fusion.egg-info/dependency_links.txt
[0.724s] writing entry points to ../../build/sensor_fusion/sensor_fusion.egg-info/entry_points.txt
[0.724s] writing requirements to ../../build/sensor_fusion/sensor_fusion.egg-info/requires.txt
[0.724s] writing top-level names to ../../build/sensor_fusion/sensor_fusion.egg-info/top_level.txt
[0.725s] reading manifest file '../../build/sensor_fusion/sensor_fusion.egg-info/SOURCES.txt'
[0.726s] writing manifest file '../../build/sensor_fusion/sensor_fusion.egg-info/SOURCES.txt'
[0.726s] running build
[0.726s] running build_py
[0.727s] running install
[0.727s] running install_lib
[0.728s] running install_data
[0.729s] running install_egg_info
[0.731s] removing '/root/StratoMiners/install/sensor_fusion/lib/python3.10/site-packages/sensor_fusion-0.0.0-py3.10.egg-info' (and everything under it)
[0.731s] Copying ../../build/sensor_fusion/sensor_fusion.egg-info to /root/StratoMiners/install/sensor_fusion/lib/python3.10/site-packages/sensor_fusion-0.0.0-py3.10.egg-info
[0.732s] running install_scripts
[0.749s] Installing hello_world script to /root/StratoMiners/install/sensor_fusion/lib/sensor_fusion
[0.750s] writing list of installed files to '/root/StratoMiners/build/sensor_fusion/install.log'
[0.774s] Invoked command in '/root/StratoMiners/src/sensor_fusion' returned '0': PYTHONPATH=/root/StratoMiners/install/sensor_fusion/lib/python3.10/site-packages:${PYTHONPATH} /usr/bin/python3 setup.py egg_info --egg-base ../../build/sensor_fusion build --build-base /root/StratoMiners/build/sensor_fusion/build install --prefix /root/StratoMiners/install/sensor_fusion --record /root/StratoMiners/build/sensor_fusion/install.log --single-version-externally-managed
