[0.486s] Invoking command in '/root/StratoMiners/src/sensor_fusion': PYTHONPATH=/root/StratoMiners/install/sensor_fusion/lib/python3.10/site-packages:${PYTHONPATH} /usr/bin/python3 setup.py egg_info --egg-base ../../build/sensor_fusion build --build-base /root/StratoMiners/build/sensor_fusion/build install --prefix /root/StratoMiners/install/sensor_fusion --record /root/StratoMiners/build/sensor_fusion/install.log --single-version-externally-managed
[0.672s] running egg_info
[0.672s] creating ../../build/sensor_fusion/sensor_fusion.egg-info
[0.672s] writing ../../build/sensor_fusion/sensor_fusion.egg-info/PKG-INFO
[0.673s] writing dependency_links to ../../build/sensor_fusion/sensor_fusion.egg-info/dependency_links.txt
[0.673s] writing entry points to ../../build/sensor_fusion/sensor_fusion.egg-info/entry_points.txt
[0.673s] writing requirements to ../../build/sensor_fusion/sensor_fusion.egg-info/requires.txt
[0.673s] writing top-level names to ../../build/sensor_fusion/sensor_fusion.egg-info/top_level.txt
[0.673s] writing manifest file '../../build/sensor_fusion/sensor_fusion.egg-info/SOURCES.txt'
[0.674s] reading manifest file '../../build/sensor_fusion/sensor_fusion.egg-info/SOURCES.txt'
[0.675s] writing manifest file '../../build/sensor_fusion/sensor_fusion.egg-info/SOURCES.txt'
[0.675s] running build
[0.676s] running build_py
[0.676s] creating /root/StratoMiners/build/sensor_fusion/build
[0.676s] creating /root/StratoMiners/build/sensor_fusion/build/lib
[0.676s] creating /root/StratoMiners/build/sensor_fusion/build/lib/sensor_fusion
[0.676s] copying sensor_fusion/__init__.py -> /root/StratoMiners/build/sensor_fusion/build/lib/sensor_fusion
[0.676s] running install
[0.676s] /usr/lib/python3/dist-packages/setuptools/command/install.py:34: SetuptoolsDeprecationWarning: setup.py install is deprecated. Use build and pip and other standards-based tools.
[0.677s]   warnings.warn(
[0.677s] running install_lib
[0.677s] creating /root/StratoMiners/install/sensor_fusion/lib/python3.10/site-packages/sensor_fusion
[0.677s] copying /root/StratoMiners/build/sensor_fusion/build/lib/sensor_fusion/__init__.py -> /root/StratoMiners/install/sensor_fusion/lib/python3.10/site-packages/sensor_fusion
[0.678s] byte-compiling /root/StratoMiners/install/sensor_fusion/lib/python3.10/site-packages/sensor_fusion/__init__.py to __init__.cpython-310.pyc
[0.678s] running install_data
[0.679s] creating /root/StratoMiners/install/sensor_fusion/share/ament_index
[0.679s] creating /root/StratoMiners/install/sensor_fusion/share/ament_index/resource_index
[0.679s] creating /root/StratoMiners/install/sensor_fusion/share/ament_index/resource_index/packages
[0.679s] copying resource/sensor_fusion -> /root/StratoMiners/install/sensor_fusion/share/ament_index/resource_index/packages
[0.679s] copying package.xml -> /root/StratoMiners/install/sensor_fusion/share/sensor_fusion
[0.679s] running install_egg_info
[0.680s] Copying ../../build/sensor_fusion/sensor_fusion.egg-info to /root/StratoMiners/install/sensor_fusion/lib/python3.10/site-packages/sensor_fusion-0.0.0-py3.10.egg-info
[0.681s] running install_scripts
[0.699s] writing list of installed files to '/root/StratoMiners/build/sensor_fusion/install.log'
[0.722s] Invoked command in '/root/StratoMiners/src/sensor_fusion' returned '0': PYTHONPATH=/root/StratoMiners/install/sensor_fusion/lib/python3.10/site-packages:${PYTHONPATH} /usr/bin/python3 setup.py egg_info --egg-base ../../build/sensor_fusion build --build-base /root/StratoMiners/build/sensor_fusion/build install --prefix /root/StratoMiners/install/sensor_fusion --record /root/StratoMiners/build/sensor_fusion/install.log --single-version-externally-managed
