[0.273s] DEBUG:colcon:Command line arguments: ['/usr/bin/colcon', 'list', '-p', '--base-paths', '/root/StratoMiners']
[0.273s] DEBUG:colcon:Parsed command line arguments: Namespace(log_base=None, log_level=None, verb_name='list', build_base='build', ignore_user_meta=False, metas=['./colcon.meta'], base_paths=['/root/StratoMiners'], packages_ignore=None, packages_ignore_regex=None, paths=None, packages_up_to=None, packages_up_to_regex=None, packages_above=None, packages_above_and_dependencies=None, packages_above_depth=None, packages_select_by_dep=None, packages_skip_by_dep=None, packages_skip_up_to=None, packages_select_build_failed=False, packages_skip_build_finished=False, packages_select_test_failures=False, packages_skip_test_passed=False, packages_select=None, packages_skip=None, packages_select_regex=None, packages_skip_regex=None, packages_start=None, packages_end=None, topological_order=False, names_only=False, paths_only=True, topological_graph=False, topological_graph_dot=False, topological_graph_density=False, topological_graph_legend=False, topological_graph_dot_cluster=False, topological_graph_dot_include_skipped=False, mixin_files=None, mixin=None, verb_parser=<colcon_mixin.mixin.mixin_argument.MixinArgumentDecorator object at 0x7f71b706a5c0>, verb_extension=<colcon_package_information.verb.list.ListVerb object at 0x7f71b7b88dc0>, main=<bound method ListVerb.main of <colcon_package_information.verb.list.ListVerb object at 0x7f71b7b88dc0>>, mixin_verb=('list',))
[0.299s] Level 1:colcon.colcon_core.package_discovery:discover_packages(colcon_meta) check parameters
[0.300s] INFO:colcon.colcon_metadata.package_discovery.colcon_meta:Using configuration from '/root/.colcon/metadata/default/Gazebo.meta'
[0.301s] INFO:colcon.colcon_metadata.package_discovery.colcon_meta:Using configuration from '/root/.colcon/metadata/default/fastrtps.meta'
[0.301s] Level 1:colcon.colcon_core.package_discovery:discover_packages(recursive) check parameters
[0.301s] Level 1:colcon.colcon_core.package_discovery:discover_packages(ignore) check parameters
[0.301s] Level 1:colcon.colcon_core.package_discovery:discover_packages(path) check parameters
[0.301s] Level 1:colcon.colcon_core.package_discovery:discover_packages(recursive) discover
[0.301s] INFO:colcon.colcon_core.package_discovery:Crawling recursively for packages in '/root/StratoMiners'
[0.302s] Level 1:colcon.colcon_core.package_identification:_identify(/root/StratoMiners) by extensions ['ignore', 'ignore_ament_install']
[0.302s] Level 1:colcon.colcon_core.package_identification:_identify(/root/StratoMiners) by extension 'ignore'
[0.302s] Level 1:colcon.colcon_core.package_identification:_identify(/root/StratoMiners) by extension 'ignore_ament_install'
[0.302s] Level 1:colcon.colcon_core.package_identification:_identify(/root/StratoMiners) by extensions ['colcon_pkg']
[0.302s] Level 1:colcon.colcon_core.package_identification:_identify(/root/StratoMiners) by extension 'colcon_pkg'
[0.302s] Level 1:colcon.colcon_core.package_identification:_identify(/root/StratoMiners) by extensions ['colcon_meta']
[0.302s] Level 1:colcon.colcon_core.package_identification:_identify(/root/StratoMiners) by extension 'colcon_meta'
[0.302s] Level 1:colcon.colcon_core.package_identification:_identify(/root/StratoMiners) by extensions ['ros']
[0.302s] Level 1:colcon.colcon_core.package_identification:_identify(/root/StratoMiners) by extension 'ros'
[0.316s] Level 1:colcon.colcon_core.package_identification:_identify(/root/StratoMiners) by extensions ['cmake', 'python']
[0.316s] Level 1:colcon.colcon_core.package_identification:_identify(/root/StratoMiners) by extension 'cmake'
[0.316s] Level 1:colcon.colcon_core.package_identification:_identify(/root/StratoMiners) by extension 'python'
[0.317s] Level 1:colcon.colcon_core.package_identification:_identify(/root/StratoMiners) by extensions ['python_setup_py']
[0.317s] Level 1:colcon.colcon_core.package_identification:_identify(/root/StratoMiners) by extension 'python_setup_py'
[0.317s] Level 1:colcon.colcon_core.package_identification:_identify(/root/StratoMiners/build) by extensions ['ignore', 'ignore_ament_install']
[0.317s] Level 1:colcon.colcon_core.package_identification:_identify(/root/StratoMiners/build) by extension 'ignore'
[0.317s] Level 1:colcon.colcon_core.package_identification:_identify(/root/StratoMiners/build) ignored
[0.317s] Level 1:colcon.colcon_core.package_identification:_identify(/root/StratoMiners/install) by extensions ['ignore', 'ignore_ament_install']
[0.317s] Level 1:colcon.colcon_core.package_identification:_identify(/root/StratoMiners/install) by extension 'ignore'
[0.317s] Level 1:colcon.colcon_core.package_identification:_identify(/root/StratoMiners/install) ignored
[0.317s] Level 1:colcon.colcon_core.package_identification:_identify(/root/StratoMiners/log) by extensions ['ignore', 'ignore_ament_install']
[0.318s] Level 1:colcon.colcon_core.package_identification:_identify(/root/StratoMiners/log) by extension 'ignore'
[0.318s] Level 1:colcon.colcon_core.package_identification:_identify(/root/StratoMiners/log) ignored
[0.318s] Level 1:colcon.colcon_core.package_identification:_identify(/root/StratoMiners/src) by extensions ['ignore', 'ignore_ament_install']
[0.318s] Level 1:colcon.colcon_core.package_identification:_identify(/root/StratoMiners/src) by extension 'ignore'
[0.318s] Level 1:colcon.colcon_core.package_identification:_identify(/root/StratoMiners/src) by extension 'ignore_ament_install'
[0.318s] Level 1:colcon.colcon_core.package_identification:_identify(/root/StratoMiners/src) by extensions ['colcon_pkg']
[0.318s] Level 1:colcon.colcon_core.package_identification:_identify(/root/StratoMiners/src) by extension 'colcon_pkg'
[0.318s] Level 1:colcon.colcon_core.package_identification:_identify(/root/StratoMiners/src) by extensions ['colcon_meta']
[0.318s] Level 1:colcon.colcon_core.package_identification:_identify(/root/StratoMiners/src) by extension 'colcon_meta'
[0.318s] Level 1:colcon.colcon_core.package_identification:_identify(/root/StratoMiners/src) by extensions ['ros']
[0.318s] Level 1:colcon.colcon_core.package_identification:_identify(/root/StratoMiners/src) by extension 'ros'
[0.318s] Level 1:colcon.colcon_core.package_identification:_identify(/root/StratoMiners/src) by extensions ['cmake', 'python']
[0.318s] Level 1:colcon.colcon_core.package_identification:_identify(/root/StratoMiners/src) by extension 'cmake'
[0.318s] Level 1:colcon.colcon_core.package_identification:_identify(/root/StratoMiners/src) by extension 'python'
[0.318s] Level 1:colcon.colcon_core.package_identification:_identify(/root/StratoMiners/src) by extensions ['python_setup_py']
[0.318s] Level 1:colcon.colcon_core.package_identification:_identify(/root/StratoMiners/src) by extension 'python_setup_py'
[0.319s] Level 1:colcon.colcon_core.package_identification:_identify(/root/StratoMiners/src/sensor_fusion) by extensions ['ignore', 'ignore_ament_install']
[0.319s] Level 1:colcon.colcon_core.package_identification:_identify(/root/StratoMiners/src/sensor_fusion) by extension 'ignore'
[0.319s] Level 1:colcon.colcon_core.package_identification:_identify(/root/StratoMiners/src/sensor_fusion) by extension 'ignore_ament_install'
[0.319s] Level 1:colcon.colcon_core.package_identification:_identify(/root/StratoMiners/src/sensor_fusion) by extensions ['colcon_pkg']
[0.319s] Level 1:colcon.colcon_core.package_identification:_identify(/root/StratoMiners/src/sensor_fusion) by extension 'colcon_pkg'
[0.319s] Level 1:colcon.colcon_core.package_identification:_identify(/root/StratoMiners/src/sensor_fusion) by extensions ['colcon_meta']
[0.319s] Level 1:colcon.colcon_core.package_identification:_identify(/root/StratoMiners/src/sensor_fusion) by extension 'colcon_meta'
[0.319s] Level 1:colcon.colcon_core.package_identification:_identify(/root/StratoMiners/src/sensor_fusion) by extensions ['ros']
[0.319s] Level 1:colcon.colcon_core.package_identification:_identify(/root/StratoMiners/src/sensor_fusion) by extension 'ros'
[0.332s] DEBUG:colcon.colcon_core.package_identification:Package '/root/StratoMiners/src/sensor_fusion' with type 'ros.ament_python' and name 'sensor_fusion'
[0.332s] Level 1:colcon.colcon_core.package_discovery:discover_packages(recursive) using defaults
